<?xml version="1.0" encoding="UTF-8"?>
<!-- Generated by org.testng.reporters.JUnitReportReporter -->
<testsuite hostname="DESKTOP-IFFIQKE" failures="0" tests="2" name="objectRepository.LocalHomePageScenario" time="38.696" errors="0" timestamp="04 Jul 2019 07:29:42 GMT" skipped="1">
  <testcase classname="objectRepository.LocalHomePageScenario" name="TC2_Validlogin" time="38.696"/>
  <testcase classname="objectRepository.LocalHomePageScenario" name="TC1_Invalidlogin">
    <skipped/>
  </testcase> <!-- TC1_Invalidlogin -->
</testsuite> <!-- objectRepository.LocalHomePageScenario -->
