<?xml version="1.0" encoding="UTF-8"?>
<!-- Generated by org.testng.reporters.JUnitReportReporter -->
<testsuite hostname="DESKTOP-IFFIQKE" failures="0" tests="2" name="eSamstha.HomePageScenario" time="37.457" errors="0" timestamp="03 Jul 2019 08:18:09 GMT" skipped="1">
  <testcase classname="eSamstha.HomePageScenario" name="TC2_Validlogin" time="37.457"/>
  <testcase classname="eSamstha.HomePageScenario" name="TC1_Invalidlogin">
    <skipped/>
  </testcase> <!-- TC1_Invalidlogin -->
</testsuite> <!-- eSamstha.HomePageScenario -->
